[2016.03.04-22.09.47:122][  0]Log file open, 03/04/16 16:09:47
[2016.03.04-22.09.47:122][  0]LogInit:Display: Running engine for game: Midterm
[2016.03.04-22.09.47:122][  0]LogInit:Display: RandInit(1939462334) SRandInit(1939462335).
[2016.03.04-22.09.47:122][  0]LogTaskGraph: Started task graph with 4 named threads and 7 total threads.
[2016.03.04-22.09.47:122][  0]LogStats: Stats thread started
[2016.03.04-22.09.47:122][  0]LogInit: Version: 4.8.3-2634408+++depot+UE4-Releases+4.8
[2016.03.04-22.09.47:122][  0]LogInit: API Version: 2579680
[2016.03.04-22.09.47:122][  0]LogInit: Compiled (64-bit): Jul 27 2015 16:24:33
[2016.03.04-22.09.47:122][  0]LogInit: Compiled with Visual C++: 18.00.21005.01
[2016.03.04-22.09.47:122][  0]LogInit: Build Configuration: Development
[2016.03.04-22.09.47:122][  0]LogInit: Branch Name: ++depot+UE4-Releases+4.8
[2016.03.04-22.09.47:122][  0]LogInit: Command line: -EpicPortal 
[2016.03.04-22.09.47:122][  0]LogInit: Base directory: C:/Program Files (x86)/Epic Games/4.8/Engine/Binaries/Win64/
[2016.03.04-22.09.47:122][  0]LogInit: Rocket: 1
[2016.03.04-22.09.47:141][  0]LogInit: Using libcurl 7.41.0
[2016.03.04-22.09.47:141][  0]LogInit:  - built for x86_64-pc-win32
[2016.03.04-22.09.47:141][  0]LogInit:  - supports SSL with WinSSL
[2016.03.04-22.09.47:141][  0]LogInit:  - other features:
[2016.03.04-22.09.47:141][  0]LogInit:      CURL_VERSION_SSL
[2016.03.04-22.09.47:141][  0]LogInit:      CURL_VERSION_IPV6
[2016.03.04-22.09.47:141][  0]LogInit:      CURL_VERSION_ASYNCHDNS
[2016.03.04-22.09.47:141][  0]LogInit:      CURL_VERSION_LARGEFILE
[2016.03.04-22.09.47:141][  0]LogInit:      CURL_VERSION_IDN
[2016.03.04-22.09.47:141][  0]LogInit:  CurlRequestOptions (configurable via config and command line):
[2016.03.04-22.09.47:141][  0]LogInit:  - bVerifyPeer = true  - Libcurl will verify peer certificate
[2016.03.04-22.09.47:141][  0]LogInit:  - bUseHttpProxy = false  - Libcurl will NOT use HTTP proxy
[2016.03.04-22.09.47:141][  0]LogInit:  - bDontReuseConnections = false  - Libcurl will reuse connections
[2016.03.04-22.09.47:141][  0]LogInit:  - CertBundlePath = nullptr  - Libcurl will use whatever was configured at build time.
[2016.03.04-22.09.47:157][  0]LogOnline:Warning: No default platform service specified for OnlineSubsystem
[2016.03.04-22.09.47:174][  0]LogInit: Presizing for 0 objects not considered by GC, pre-allocating 0 bytes.
[2016.03.04-22.09.47:183][  0]LogInit: Object subsystem initialized
[2016.03.04-22.09.47:184][  0]LogConsoleResponse:Warning: Skipping Unknown console variable: 'TranslucentSortAxis = (X=0.000000,Y=-1.000000,Z=0.000000)'
[2016.03.04-22.09.47:184][  0]LogConsoleResponse:Warning:   Found in ini file 'C:/Users/gebha/Documents/GitHub/179-Midterm/Midterm/Saved/Config/Windows/Engine.ini', in section '[/Script/Engine.RendererSettings]'
[2016.03.04-22.09.47:184][  0]LogConsoleResponse:Warning: Skipping Unknown console variable: 'UIScaleRule = ShortestSide'
[2016.03.04-22.09.47:184][  0]LogConsoleResponse:Warning:   Found in ini file 'C:/Users/gebha/Documents/GitHub/179-Midterm/Midterm/Saved/Config/Windows/Engine.ini', in section '[/Script/Engine.RendererSettings]'
[2016.03.04-22.09.47:184][  0]LogConsoleResponse:Warning: Skipping Unknown console variable: 'UIScaleCurve = (EditorCurveData=(Keys=),ExternalCurve=None)'
[2016.03.04-22.09.47:184][  0]LogConsoleResponse:Warning:   Found in ini file 'C:/Users/gebha/Documents/GitHub/179-Midterm/Midterm/Saved/Config/Windows/Engine.ini', in section '[/Script/Engine.RendererSettings]'
[2016.03.04-22.09.47:184][  0]LogInit: Selected Device Profile: [Windows]
[2016.03.04-22.09.47:184][  0]LogInit: Applying CVar settings loaded from the selected device profile: [Windows]
[2016.03.04-22.09.47:194][  0]LogInit: Computer: DESKTOP-6FVLQB9
[2016.03.04-22.09.47:194][  0]LogInit: User: gebha
[2016.03.04-22.09.47:194][  0]LogInit: CPU Page size=4096, Cores=4
[2016.03.04-22.09.47:194][  0]LogInit: High frequency timer resolution =3.919376 MHz
[2016.03.04-22.09.47:194][  0]LogMemory: Memory total: Physical=15.9GB (16GB approx)
[2016.03.04-22.09.47:194][  0]LogMemory: Platform Memory Stats for Windows
[2016.03.04-22.09.47:194][  0]LogMemory: Process Physical Memory: 49.55 MB used, 49.55 MB peak
[2016.03.04-22.09.47:194][  0]LogMemory: Process Virtual Memory: 22.69 MB used, 22.69 MB peak
[2016.03.04-22.09.47:194][  0]LogMemory: Physical Memory: 7850.68 MB used, 16284.17 MB total
[2016.03.04-22.09.47:194][  0]LogMemory: Virtual Memory: 311.09 MB used, 134217728.00 MB total
[2016.03.04-22.09.47:231][  0]LogTextLocalizationManager: The requested culture ('en_US') has no localization data; parent culture's ('en') localization data will be used.
[2016.03.04-22.09.47:466][  0]LogTextLocalizationManager:Warning: Loaded localization resources contain conflicting entries for (Namespace:ContentBrowser, Key:ImportAssetToolTip):
Localization Resource: (C:/Program Files (x86)/Epic Games/4.8/Engine/Content/Localization/Editor/en/Editor.locres) Source String Hash: (-630476809) Localized String: (Import to {0}...)
Localization Resource: (C:/Program Files (x86)/Epic Games/4.8/Engine/Content/Localization/Editor/en/Editor.locres) Source String Hash: (1271782899) Localized String: (Imports an asset from file to this folder.)
[2016.03.04-22.09.47:968][  0]LogD3D11RHI: Found D3D11 adapter 0: NVIDIA GeForce GTX 980 (Feature Level 11_0)
[2016.03.04-22.09.47:968][  0]LogD3D11RHI: Adapter has 4008MB of dedicated video memory, 0MB of dedicated system memory, and 8142MB of shared system memory, 2 output[s]
[2016.03.04-22.09.47:969][  0]LogD3D11RHI: Found D3D11 adapter 1: Microsoft Basic Render Driver (Feature Level 11_0)
[2016.03.04-22.09.47:969][  0]LogD3D11RHI: Adapter has 0MB of dedicated video memory, 0MB of dedicated system memory, and 8142MB of shared system memory, 0 output[s]
[2016.03.04-22.09.47:969][  0]LogD3D11RHI: Chosen D3D11 Adapter Id = 0
[2016.03.04-22.09.47:975][  0]LogD3D11RHI: InitD3DDevice
[2016.03.04-22.09.47:975][  0]LogD3D11RHI: !Direct3DDevice
[2016.03.04-22.09.47:975][  0]LogRHI: Texture pool is 1361 MB (70% of 1945 MB)
[2016.03.04-22.09.47:991][  0]LogD3D11RHI: Async texture creation enabled
[2016.03.04-22.09.48:001][  0]LogShaderCompilers:Display: Using Local Shader Compiler.
[2016.03.04-22.09.48:822][  0]LogTemp:Display: Loaded TP DesktopTargetPlatform
[2016.03.04-22.09.48:840][  0]LogTemp:Display: Loaded TP WindowsClientTargetPlatform
[2016.03.04-22.09.48:858][  0]LogTemp:Display: Loaded TP WindowsNoEditorTargetPlatform
[2016.03.04-22.09.48:876][  0]LogTemp:Display: Loaded TP WindowsServerTargetPlatform
[2016.03.04-22.09.48:898][  0]LogTemp:Display: Loaded TP WindowsTargetPlatform
[2016.03.04-22.09.48:914][  0]LogTemp:Display: Loaded TP AndroidTargetPlatform
[2016.03.04-22.09.48:930][  0]LogTemp:Display: Loaded TP Android_ASTCTargetPlatform
[2016.03.04-22.09.48:948][  0]LogTemp:Display: Loaded TP Android_ATCTargetPlatform
[2016.03.04-22.09.48:964][  0]LogTemp:Display: Loaded TP Android_DXTTargetPlatform
[2016.03.04-22.09.48:980][  0]LogTemp:Display: Loaded TP Android_ETC1TargetPlatform
[2016.03.04-22.09.48:997][  0]LogTemp:Display: Loaded TP Android_ETC2TargetPlatform
[2016.03.04-22.09.49:013][  0]LogTemp:Display: Loaded TP Android_PVRTCTargetPlatform
[2016.03.04-22.09.49:072][  0]LogTemp:Display: Loaded TP IOSTargetPlatform
[2016.03.04-22.09.49:088][  0]LogTemp:Display: Loaded TP LinuxNoEditorTargetPlatform
[2016.03.04-22.09.49:105][  0]LogTemp:Display: Loaded TP LinuxServerTargetPlatform
[2016.03.04-22.09.49:125][  0]LogTemp:Display: Loaded TP LinuxTargetPlatform
[2016.03.04-22.09.49:125][  0]LogTargetPlatformManager:Display: Building Assets For Windows
[2016.03.04-22.09.49:392][  0]LogDerivedDataCache:Display: Max Cache Size: 512 MB
[2016.03.04-22.09.49:474][  0]LogDerivedDataCache: Loaded boot cache 0.08s 53MB C:/Users/gebha/AppData/Local/UnrealEngine/4.8/DerivedDataCache/Boot.ddc.
[2016.03.04-22.09.49:474][  0]LogDerivedDataCache:Display: Loaded Boot cache: C:/Users/gebha/AppData/Local/UnrealEngine/4.8/DerivedDataCache/Boot.ddc
[2016.03.04-22.09.49:474][  0]LogDerivedDataCache: FDerivedDataBackendGraph:  Pak pak cache file ../../../../../../Users/gebha/Documents/GitHub/179-Midterm/Midterm/DerivedDataCache/DDC.ddp not found, will not use a pak cache.
[2016.03.04-22.09.49:474][  0]LogDerivedDataCache: Unable to find inner node Pak for hierarchical cache Hierarchy.
[2016.03.04-22.09.49:474][  0]LogDerivedDataCache: FDerivedDataBackendGraph:  CompressedPak pak cache file ../../../../../../Users/gebha/Documents/GitHub/179-Midterm/Midterm/DerivedDataCache/Compressed.ddp not found, will not use a pak cache.
[2016.03.04-22.09.49:474][  0]LogDerivedDataCache: Unable to find inner node CompressedPak for hierarchical cache Hierarchy.
[2016.03.04-22.09.49:616][  0]LogDerivedDataCache:Display: Pak cache opened for reading ../../../Engine/DerivedDataCache/Compressed.ddp.
[2016.03.04-22.09.49:628][  0]LogDerivedDataCache: Using Local data cache path C:/Users/gebha/AppData/Local/UnrealEngine/Common/DerivedDataCache: Writable
[2016.03.04-22.09.49:932][  0]LogInit: Selected Device Profile: [Windows]
[2016.03.04-22.09.50:022][  0]ImportText (ComponentSweepMultiTests): Missing closing parenthesis: (RootShapeAsset="/Engine/BasicShapes/Cube.Cube",ShapeType="TriggerCapsule",HitResult=(Time=0.50,Location=(X=-100.000015,Y=0.0,Z=100.000015),ImpactPoint=(X=-50.0,Y=0.0,Z=50.0),Normal=(X=-1.0,Y=-0.0,Z=0.0),ImpactNormal=(X=0.0,Y=0.0,Z=1.0),TraceStart=(X=-200.0,Y=0.0,Z=200.0),TraceEnd=(X=0.0,Y=0.0,Z=0.0))
[2016.03.04-22.09.50:023][  0]ImportText (LineTraceSingleByChannelTests): Missing closing parenthesis: (RootShapeAsset="/Engine/BasicShapes/Cube.Cube",HitResult=(Time=0.50,Location=(X=-100.000015,Y=0.0,Z=100.000015),ImpactPoint=(X=-50.0,Y=0.0,Z=50.0),Normal=(X=-1.0,Y=-0.0,Z=0.0),ImpactNormal=(X=0.0,Y=0.0,Z=1.0),TraceStart=(X=-200.0,Y=0.0,Z=200.0),TraceEnd=(X=0.0,Y=0.0,Z=0.0))
[2016.03.04-22.09.50:057][  0]LogMeshUtilities: No automatic mesh reduction module available
[2016.03.04-22.09.50:057][  0]LogMeshUtilities: No automatic mesh merging module available
[2016.03.04-22.09.50:444][  0]LogInit: WinSock: version 1.1 (2.2), MaxSocks=32767, MaxUdp=65467
[2016.03.04-22.09.51:699][  0]UdpMessaging: Initializing bridge on interface 0.0.0.0:0 to multicast group 230.0.0.1:6666.
[2016.03.04-22.09.52:144][  0]SourceControl: Info Source control is disabled
[2016.03.04-22.09.52:145][  0]SourceControl: Info Source control is disabled
[2016.03.04-22.09.52:157][  0]SourceControl: Info Source control is disabled
[2016.03.04-22.09.52:171][  0]SourceControl: Info Source control is disabled
[2016.03.04-22.09.52:493][  0]LogObj: 26273 objects as part of root set at end of initial load.
[2016.03.04-22.09.52:493][  0]LogUObjectAllocator: 5409248 out of 0 bytes used by permanent object pool.
[2016.03.04-22.09.52:577][  0]LogEngine: Initializing Engine...
[2016.03.04-22.09.52:580][  0]LogHMD: Can't find Oculus library dev build: is proper Runtime installed? Version: 0.6.0.0
[2016.03.04-22.09.52:582][  0]LogHMD:Warning: SteamVR failed to initialize.  Error: 110
[2016.03.04-22.09.52:773][  0]LogAIModule: Creating AISystem for world NewWorld
[2016.03.04-22.09.52:780][  0]LogInit: XAudio2 using 'Headphones (SHARKK  SP-SK869TW Stereo)' : 2 channels at 44.1 kHz using 16 bits per sample (channel mask 0x3)
[2016.03.04-22.09.52:788][  0]LogInit: FAudioDevice initialized.
[2016.03.04-22.09.52:831][  0]LogDerivedDataCache: Saved boot cache 0.04s 53MB C:/Users/gebha/AppData/Local/UnrealEngine/4.8/DerivedDataCache/Boot.ddc.
[2016.03.04-22.09.52:843][  0]LogInit: Texture streaming: Disabled
[2016.03.04-22.09.52:875][  0]LogAnalytics: Creating configured Analytics provider AnalyticsET
[2016.03.04-22.09.52:875][  0]LogAnalytics: [UEEditor.Rocket.Release] APIServer = http://et2.epicgames.com/ET2/. AppVersion = 4.8.3-2634408+++depot+UE4-Releases+4.8
[2016.03.04-22.09.52:875][  0]LogAnalytics: [UEEditor.Rocket.Release] SetUserId ec9719814f2f093c09b1038d4794e572|a25c9f644e7743eaae18bd820c9e55cd|daf88ebd-6607-4323-a36d-ccb4aa163afc
[2016.03.04-22.09.52:875][  0]LogAnalytics: [UEEditor.Rocket.Release] AnalyticsET::StartSession
[2016.03.04-22.09.52:918][  0]LogInit: Transaction tracking system initialized
[2016.03.04-22.09.53:084][  0]BlueprintLog: New page: Editor Load
[2016.03.04-22.09.53:127][  0]LogAssetRegistry: FAssetRegistry took 0.0108 seconds to start up
[2016.03.04-22.09.53:127][  0]LogDirectoryWatcher:Warning: Failed to begin reading directory changes for ../../../Engine/Plugins/Experimental/CharacterAI/Content/. Error: 0
[2016.03.04-22.09.54:040][  0]LogConsoleManager:Warning: Console variable 'r.VSync' wasn't set ('GameSetting' has a lower priority than 'SystemSettingsIni')
[2016.03.04-22.09.54:040][  0]LogConsoleResponse:Display: 
[2016.03.04-22.09.54:164][  0]LogCook:Display: Done creating registry. It took  0.00s.
[2016.03.04-22.09.54:433][  0]SourceControl: Info Source control is disabled
[2016.03.04-22.09.54:433][  0]Cmd: MAP LOAD FILE="../../../../../../Users/gebha/Documents/GitHub/179-Midterm/Midterm/Content/VehicleAdvBP/Maps/AdvancedVehicleExamplemap.umap" TEMPLATE=0 SHOWPROGRESS=1 FEATURELEVEL=3
[2016.03.04-22.09.54:433][  0]LightingResults: New page: Lighting Build
[2016.03.04-22.09.54:450][  0]MapCheck: New page: Map Check
[2016.03.04-22.09.54:450][  0]LightingResults: New page: Lighting Build
[2016.03.04-22.09.54:464][  0]LogParticles: Destroying 0 GPU particle simulations for FXSystem 0x000000017EBC5300
[2016.03.04-22.09.55:497][  0]LogBlueprint:Warning: [compiler VehicleBlueprint] Warning  Set Text (String)  is deprecated; Use the SetText function taking an FText instead.
[2016.03.04-22.09.55:497][  0]LogBlueprint:Warning: [compiler VehicleBlueprint] Warning  Set Text (String)  is deprecated; Use the SetText function taking an FText instead.
[2016.03.04-22.09.55:505][  0]LogBlueprint:Warning: [compiler VehicleBlueprint] Warning [0010.83] Compile of VehicleBlueprint successful, but with 2 Warning(s) [in 58 ms]
[2016.03.04-22.09.55:505][  0]LogBlueprint:Warning: [compiler VehicleBlueprint] Warning [0010.83] Compile of VehicleBlueprint successful, but with 3 Warning(s) [in 0 ms]
[2016.03.04-22.09.55:505][  0]LogBlueprint:Warning: [compiler VehicleBlueprint] Warning [0010.83] Compile of VehicleBlueprint successful, but with 4 Warning(s) [in 0 ms]
[2016.03.04-22.09.55:625][  0]LogBlueprint:Warning: [compiler VehicleBlueprint] Warning  Set Text (String)  is deprecated; Use the SetText function taking an FText instead.
[2016.03.04-22.09.55:626][  0]LogBlueprint:Warning: [compiler VehicleBlueprint] Warning  Set Text (String)  is deprecated; Use the SetText function taking an FText instead.
[2016.03.04-22.09.55:637][  0]LogBlueprint:Warning: [compiler VehicleBlueprint] Warning [0010.96] Compile of VehicleBlueprint successful, but with 2 Warning(s) [in 62 ms]
[2016.03.04-22.09.55:637][  0]LogBlueprint:Warning: [compiler VehicleBlueprint] Warning [0010.96] Compile of VehicleBlueprint successful, but with 3 Warning(s) [in 0 ms]
[2016.03.04-22.09.56:821][  0]LogAIModule: Creating AISystem for world AdvancedVehicleExamplemap
[2016.03.04-22.09.56:850][  0]LogEditorServer: Finished looking for orphan Actors (0.000 secs)
[2016.03.04-22.09.57:765][  0]Cmd: MAP CHECKDEP NOCLEARLOG
[2016.03.04-22.09.57:823][  0]MapCheck: Info Map check complete: 0 Error(s), 0 Warning(s), took 58.753ms to complete.
[2016.03.04-22.09.57:823][  0]LogFileHelpers: Loading map 'AdvancedVehicleExamplemap' took 3.390
[2016.03.04-22.09.57:970][  0]LogCollectionManager: Loaded 0 collections in 0.002588 seconds
[2016.03.04-22.09.57:979][  0]LogContentBrowser: Native class hierarchy populated in 0.0091 seconds. Added 1792 classes and 301 folders.
[2016.03.04-22.09.58:039][  0]LogContentBrowser: Native class hierarchy updated for 'WidgetCarousel' in 0.0003 seconds. Added 0 classes and 0 folders.
[2016.03.04-22.09.58:072][  0]LogContentBrowser: Native class hierarchy updated for 'AddContentDialog' in 0.0004 seconds. Added 0 classes and 0 folders.
[2016.03.04-22.09.58:093][  0]LogContentBrowser: Native class hierarchy updated for 'SceneOutliner' in 0.0005 seconds. Added 1 classes and 2 folders.
[2016.03.04-22.09.58:137][  0]LogCrashTracker: Crashtracker disabled due to settings.
[2016.03.04-22.09.58:138][  0]LogD3D11RHI: InitD3DDevice
[2016.03.04-22.09.58:141][  0]LogUObjectGlobals:Warning: Failed to find object 'Class None.'
[2016.03.04-22.09.58:164][  0]LogLoad: Full Startup: 13.49 seconds (BP compile: 0.96 seconds)
[2016.03.04-22.09.58:556][  0]LogContentStreaming: Texture pool size is 0.000000MB
[2016.03.04-22.09.58:600][  0]LogContentStreaming: Texture pool size now 1000 MB
[2016.03.04-22.09.58:855][  0]LogRenderer: Reallocating scene render targets to support 1208x576 (Frame:2).
[2016.03.04-22.09.58:929][  1]Cmd: UpdateLandscapeEditorData -warnings
[2016.03.04-22.09.58:930][  1]Cmd: UpdateLandscapeEditorData
[2016.03.04-22.09.59:318][  3]LogD3D11RHI: InitD3DDevice
[2016.03.04-22.10.01:608][  9]LogAssetRegistry: Asset discovery search completed in 8.4912 seconds
[2016.03.04-22.11.06:608][618]LogD3D11RHI: InitD3DDevice
[2016.03.04-22.11.15:141][636]LogD3D11RHI: InitD3DDevice
[2016.03.04-22.11.15:298][636]LogBlueprint:Error: [compiler NewMap] Error This blueprint (self) is not a PlayerController, therefore ' Target ' must have a connection.
[2016.03.04-22.11.15:298][636]LogBlueprint:Error: [compiler NewMap] Error This blueprint (self) is not a Controller, therefore ' Target ' must have a connection.
[2016.03.04-22.11.15:321][636]LogBlueprint:Warning: [compiler NewMap] Warning [0090.65] Compile of NewMap failed. 2 Fatal Issue(s) 0 Warning(s) [in 63 ms]
[2016.03.04-22.11.15:321][636]LogBlueprint:Warning: [compiler NewMap] Warning [0090.65] Compile of NewMap failed. 2 Fatal Issue(s) 1 Warning(s) [in 0 ms]
[2016.03.04-22.11.15:322][636]LogBlueprint:Warning: [compiler NewMap] Warning [0090.65] Compile of NewMap failed. 2 Fatal Issue(s) 2 Warning(s) [in 0 ms]
[2016.03.04-22.11.15:370][636]LogBlueprint:Error: [compiler NewMap] Error This blueprint (self) is not a PlayerController, therefore ' Target ' must have a connection.
[2016.03.04-22.11.15:370][636]LogBlueprint:Error: [compiler NewMap] Error This blueprint (self) is not a Controller, therefore ' Target ' must have a connection.
[2016.03.04-22.11.15:392][636]LogBlueprint:Warning: [compiler NewMap] Warning [0090.72] Compile of NewMap failed. 2 Fatal Issue(s) 0 Warning(s) [in 61 ms]
[2016.03.04-22.11.15:392][636]LogBlueprint:Warning: [compiler NewMap] Warning [0090.72] Compile of NewMap failed. 2 Fatal Issue(s) 1 Warning(s) [in 0 ms]
[2016.03.04-22.11.15:722][636]LogAIModule: Creating AISystem for world NewMap
[2016.03.04-22.11.15:743][636]LogActorComponent: UnregisterComponent: (/Engine/Transient.CharMoveComp) Not registered. Aborting.
[2016.03.04-22.11.15:744][636]LogActorComponent: UnregisterComponent: (/Engine/Transient.MovementComp) Not registered. Aborting.
[2016.03.04-22.11.15:961][636]Cmd: MAP LOAD FILE="../../../../../../Users/gebha/Documents/GitHub/179-Midterm/Midterm/Content/NewMap.umap" TEMPLATE=0 SHOWPROGRESS=1 FEATURELEVEL=3
[2016.03.04-22.11.15:962][636]LightingResults: New page: Lighting Build
[2016.03.04-22.11.15:983][636]LoadErrors: New page: Loading map: NewMap.umap
[2016.03.04-22.11.15:985][636]MapCheck: New page: Map Check
[2016.03.04-22.11.15:985][636]LightingResults: New page: Lighting Build
[2016.03.04-22.11.16:004][636]LogParticles: Destroying 0 GPU particle simulations for FXSystem 0x0000000175514AE0
[2016.03.04-22.11.16:414][636]LogBlueprint:Error: [compiler NewMap] Error This blueprint (self) is not a PlayerController, therefore ' Target ' must have a connection.
[2016.03.04-22.11.16:414][636]LogBlueprint:Error: [compiler NewMap] Error This blueprint (self) is not a Controller, therefore ' Target ' must have a connection.
[2016.03.04-22.11.16:434][636]LogBlueprint:Warning: [compiler NewMap] Warning [0091.76] Compile of NewMap failed. 2 Fatal Issue(s) 0 Warning(s) [in 58 ms]
[2016.03.04-22.11.16:434][636]LogBlueprint:Warning: [compiler NewMap] Warning [0091.76] Compile of NewMap failed. 2 Fatal Issue(s) 1 Warning(s) [in 0 ms]
[2016.03.04-22.11.16:434][636]LogBlueprint:Warning: [compiler NewMap] Warning [0091.76] Compile of NewMap failed. 2 Fatal Issue(s) 2 Warning(s) [in 0 ms]
[2016.03.04-22.11.16:481][636]LogBlueprint:Error: [compiler NewMap] Error This blueprint (self) is not a PlayerController, therefore ' Target ' must have a connection.
[2016.03.04-22.11.16:481][636]LogBlueprint:Error: [compiler NewMap] Error This blueprint (self) is not a Controller, therefore ' Target ' must have a connection.
[2016.03.04-22.11.16:502][636]LogBlueprint:Warning: [compiler NewMap] Warning [0091.83] Compile of NewMap failed. 2 Fatal Issue(s) 0 Warning(s) [in 58 ms]
[2016.03.04-22.11.16:502][636]LogBlueprint:Warning: [compiler NewMap] Warning [0091.83] Compile of NewMap failed. 2 Fatal Issue(s) 1 Warning(s) [in 0 ms]
[2016.03.04-22.11.16:795][636]LogAIModule: Creating AISystem for world NewMap
[2016.03.04-22.11.16:850][636]LogEditorServer: Finished looking for orphan Actors (0.000 secs)
[2016.03.04-22.11.17:025][636]Cmd: MAP CHECKDEP NOCLEARLOG
[2016.03.04-22.11.17:085][636]MapCheck: Info Map check complete: 0 Error(s), 0 Warning(s), took 59.173ms to complete.
[2016.03.04-22.11.17:085][636]LogFileHelpers: Loading map 'NewMap' took 1.126
[2016.03.04-22.11.17:122][636]LogAudio:Warning: Detected orphaned looping sound 'Engine_Loop_Cue'.
[2016.03.04-22.11.17:143][637]Cmd: UpdateLandscapeEditorData -warnings
[2016.03.04-22.11.17:144][637]Cmd: UpdateLandscapeEditorData
[2016.03.04-22.11.58:602][ 24]LogD3D11RHI: InitD3DDevice
[2016.03.04-22.12.14:719][ 17]LogD3D11RHI: InitD3DDevice
[2016.03.04-22.12.18:445][461]LogD3D11RHI: InitD3DDevice
[2016.03.04-22.12.18:604][478]LogD3D11RHI: InitD3DDevice
[2016.03.04-22.12.18:629][479]LogD3D11RHI: InitD3DDevice
[2016.03.04-22.12.21:020][762]LogD3D11RHI: InitD3DDevice
[2016.03.04-22.12.22:246][907]LogD3D11RHI: InitD3DDevice
[2016.03.04-22.12.22:270][908]LogD3D11RHI: InitD3DDevice
[2016.03.04-22.12.22:292][909]LogD3D11RHI: InitD3DDevice
[2016.03.04-22.13.24:038][209]LogMaterial: Missing cached shader map for material Material_0, compiling. 
[2016.03.04-22.13.24:126][210]LogMaterial: Missing cached shader map for material Material_1, compiling. 
[2016.03.04-22.13.24:162][211]LogMaterial: Missing cached shader map for material Material_2, compiling. 
[2016.03.04-22.13.24:203][212]LogMaterial: Missing cached shader map for material Material_3, compiling. 
[2016.03.04-22.13.25:168][320]LogD3D11RHI: InitD3DDevice
[2016.03.04-22.13.34:237][351]LogD3D11RHI: InitD3DDevice
[2016.03.04-22.13.36:204][562]LogTexture:Display: Building textures: T_ML_Aluminum01 (AutoDXT)
[2016.03.04-22.13.41:620][562]LogTexture:Display: Building textures: T_ML_Aluminum01_N (BC5)
[2016.03.04-22.13.42:534][562]LogTexture:Display: Building textures: T_ML_Rubber_Blue_01_D (AutoDXT)
[2016.03.04-22.13.48:070][562]LogTexture:Display: Building textures: T_ML_Rubber_Blue_01_N (BC5)
[2016.03.04-22.13.48:854][562]LogTexture:Display: Building textures: T_FPGun_N (BC5)
[2016.03.04-22.13.49:477][562]LogActorComponent: UnregisterComponent: (/Engine/Transient.CharMoveComp) Not registered. Aborting.
[2016.03.04-22.13.49:478][562]LogActorComponent: UnregisterComponent: (/Engine/Transient.MovementComp) Not registered. Aborting.
[2016.03.04-22.13.49:552][562]LogD3D11RHI: InitD3DDevice
[2016.03.04-22.13.51:821][562]LogD3D11RHI: InitD3DDevice
[2016.03.04-22.13.51:919][562]LogD3D11RHI: InitD3DDevice
[2016.03.04-22.13.51:947][562]LogD3D11RHI: InitD3DDevice
[2016.03.04-22.14.00:399][534]LogD3D11RHI: InitD3DDevice
[2016.03.04-22.14.00:439][534]LogContentBrowser: Native class hierarchy updated for 'PhAT' in 0.0004 seconds. Added 1 classes and 2 folders.
[2016.03.04-22.14.00:527][534]LogD3D11RHI: InitD3DDevice
[2016.03.04-22.17.18:973][142]LogD3D11RHI: InitD3DDevice
[2016.03.04-22.17.19:218][142]LogD3D11RHI: InitD3DDevice
[2016.03.04-22.17.19:270][142]LogLinker:Warning: Asset '../../../Engine/Content/ArtTools/RenderToTexture/Macros/RenderToTextureMacros.uasset' has been saved with empty engine version. The asset will be loaded but may be incompatible.
[2016.03.04-22.17.19:383][142]LogLinker:Warning: Asset '../../../Engine/Content/ArtTools/RenderToTexture/Enums/RenderToTexture_Enum.uasset' has been saved with empty engine version. The asset will be loaded but may be incompatible.
[2016.03.04-22.17.20:174][142]LogSkeletalMesh: InitArticulated: Bodies already created (/Engine/Transient.DebugSkelMeshComponent_0) - call TermArticulated first.
[2016.03.04-22.17.20:260][142]LogLinker:Warning: Asset '../../../Engine/Content/Tutorial/SubEditors/PersonaAnimEditorTutorial.uasset' has been saved with empty engine version. The asset will be loaded but may be incompatible.
[2016.03.04-22.17.22:099][253]LogD3D11RHI: InitD3DDevice
[2016.03.04-22.17.25:016][508]BlueprintLog: New page: Pre-PIE auto-recompile
[2016.03.04-22.17.25:025][508]LogPlayLevel: [PIE] Compiling NewMap before PIE...
[2016.03.04-22.17.25:080][508]LogBlueprint:Error: [compiler NewMap] Error This blueprint (self) is not a PlayerController, therefore ' Target ' must have a connection.
[2016.03.04-22.17.25:080][508]LogBlueprint:Error: [compiler NewMap] Error This blueprint (self) is not a Controller, therefore ' Target ' must have a connection.
[2016.03.04-22.17.25:210][508]LogBlueprint:Warning: [compiler NewMap] Warning [0460.54] Compile of NewMap failed. 2 Fatal Issue(s) 0 Warning(s) [in 171 ms]
[2016.03.04-22.17.25:211][508]LogBlueprint:Warning: [compiler NewMap] Warning [0460.54] Compile of NewMap failed. 2 Fatal Issue(s) 1 Warning(s) [in 0 ms]
[2016.03.04-22.17.25:211][508]LogBlueprint:Warning: [compiler NewMap] Warning [0460.54] Compile of NewMap failed. 2 Fatal Issue(s) 2 Warning(s) [in 0 ms]
[2016.03.04-22.17.25:211][508]LogBlueprint:Warning: [compiler NewMap] Warning [0460.54] Compile of NewMap failed. 2 Fatal Issue(s) 3 Warning(s) [in 0 ms]
[2016.03.04-22.17.25:220][508]LogBlueprint:Warning: [compiler NewMap] Warning [0460.55] Compile of NewMap failed. 2 Fatal Issue(s) 4 Warning(s) [in 8 ms]
[2016.03.04-22.17.25:220][508]LogBlueprint:Warning: [compiler NewMap] Warning [0460.55] Compile of NewMap failed. 2 Fatal Issue(s) 5 Warning(s) [in 0 ms]
[2016.03.04-22.17.25:222][508]LogActorComponent: UnregisterComponent: (/Engine/Transient.CharMoveComp) Not registered. Aborting.
[2016.03.04-22.17.25:222][508]LogActorComponent: UnregisterComponent: (/Engine/Transient.MovementComp) Not registered. Aborting.
[2016.03.04-22.17.25:261][508]LogParticles: Destroying 0 GPU particle simulations for FXSystem 0x000000012C3D9620
[2016.03.04-22.17.25:305][508]LogPlayLevel: PIE:  Blueprint regeneration took 289 ms (1 blueprints)
[2016.03.04-22.17.25:318][508]LogD3D11RHI: InitD3DDevice
[2016.03.04-22.17.31:097][508]BlueprintLog: Info Blueprint NewMap failed to compile
[2016.03.04-22.17.31:099][508]PIE: New page: PIE session: NewMap (Mar 4, 2016, 10:17:31 AM)
[2016.03.04-22.17.31:099][508]LogPlayLevel: Creating play world package: /Game/UEDPIE_0_NewMap
[2016.03.04-22.17.31:376][508]LogPlayLevel: PIE: StaticDuplicateObject took: (0.276626s)
[2016.03.04-22.17.31:377][508]LogAIModule: Creating AISystem for world NewMap
[2016.03.04-22.17.31:378][508]LogPlayLevel: PIE: World Init took: (0.001394s)
[2016.03.04-22.17.31:378][508]LogPlayLevel: PIE: Created PIE world by copying editor world from /Game/NewMap.NewMap to /Game/UEDPIE_0_NewMap.NewMap (0.278244s)
[2016.03.04-22.17.31:433][508]LogInit: XAudio2 using 'Headphones (SHARKK  SP-SK869TW Stereo)' : 2 channels at 44.1 kHz using 16 bits per sample (channel mask 0x3)
[2016.03.04-22.17.31:440][508]LogInit: FAudioDevice initialized.
[2016.03.04-22.17.31:452][508]LogD3D11RHI: InitD3DDevice
[2016.03.04-22.17.31:531][508]LogWorld: Game class is 'VehicleAdvGameMode_C'
[2016.03.04-22.17.31:565][508]LogWorld: Bringing World /Game/UEDPIE_0_NewMap.NewMap up for play (max tick rate 0) at 2016.03.04-16.17.31
[2016.03.04-22.17.31:565][508]LogActor:Warning: GameSession /Game/UEDPIE_0_NewMap.NewMap:PersistentLevel.GameSession_0 has natively added scene component(s), but none of them were set as the actor's RootComponent - picking one arbitrarily
[2016.03.04-22.17.31:566][508]LogActor:Warning: GameNetworkManager /Game/UEDPIE_0_NewMap.NewMap:PersistentLevel.GameNetworkManager_0 has natively added scene component(s), but none of them were set as the actor's RootComponent - picking one arbitrarily
[2016.03.04-22.17.31:567][508]LogWorld: Bringing up level for play took: 0.029992
[2016.03.04-22.17.31:584][508]PIE: Info Play in editor start time for /Game/UEDPIE_0_NewMap 5.586
[2016.03.04-22.17.31:637][508]LogRenderer: Reallocating scene render targets to support 1296x760 (Frame:14798).
[2016.03.04-22.17.34:748][743]LogScript:Warning: Accessed None 'CallFunc_BreakHitResult_HitComponent'
	FirstPersonCharacter_C /Game/UEDPIE_0_NewMap.NewMap:PersistentLevel.FirstPersonCharacter_730
	Function /Game/FirstPersonBP/Blueprints/FirstPersonCharacter.FirstPersonCharacter_C:ExecuteUbergraph_FirstPersonCharacter:0473
[2016.03.04-22.17.34:749][743]PIE:Error: Error Accessed None 'CallFunc_BreakHitResult_HitComponent' from node Branch in graph 'EventGraph' in blueprint FirstPersonCharacter
[2016.03.04-22.17.37:467][955]LogParticles: Destroying 0 GPU particle simulations for FXSystem 0x00000001775C3740
[2016.03.04-22.17.37:479][955]LogD3D11RHI: InitD3DDevice
[2016.03.04-22.17.41:484][381]LogD3D11RHI: InitD3DDevice
[2016.03.04-22.17.42:259][436]LogD3D11RHI: InitD3DDevice
[2016.03.04-22.17.46:871][705]BlueprintLog: New page: Pre-PIE auto-recompile
[2016.03.04-22.17.46:881][705]LogPlayLevel: [PIE] Compiling NewMap before PIE...
[2016.03.04-22.17.46:933][705]LogBlueprint:Error: [compiler NewMap] Error This blueprint (self) is not a PlayerController, therefore ' Target ' must have a connection.
[2016.03.04-22.17.46:933][705]LogBlueprint:Error: [compiler NewMap] Error This blueprint (self) is not a Controller, therefore ' Target ' must have a connection.
[2016.03.04-22.17.47:058][705]LogBlueprint:Warning: [compiler NewMap] Warning [0482.38] Compile of NewMap failed. 2 Fatal Issue(s) 0 Warning(s) [in 164 ms]
[2016.03.04-22.17.47:058][705]LogBlueprint:Warning: [compiler NewMap] Warning [0482.38] Compile of NewMap failed. 2 Fatal Issue(s) 1 Warning(s) [in 0 ms]
[2016.03.04-22.17.47:058][705]LogBlueprint:Warning: [compiler NewMap] Warning [0482.38] Compile of NewMap failed. 2 Fatal Issue(s) 2 Warning(s) [in 0 ms]
[2016.03.04-22.17.47:059][705]LogBlueprint:Warning: [compiler NewMap] Warning [0482.38] Compile of NewMap failed. 2 Fatal Issue(s) 3 Warning(s) [in 0 ms]
[2016.03.04-22.17.47:068][705]LogBlueprint:Warning: [compiler NewMap] Warning [0482.39] Compile of NewMap failed. 2 Fatal Issue(s) 4 Warning(s) [in 9 ms]
[2016.03.04-22.17.47:069][705]LogBlueprint:Warning: [compiler NewMap] Warning [0482.39] Compile of NewMap failed. 2 Fatal Issue(s) 5 Warning(s) [in 0 ms]
[2016.03.04-22.17.47:130][705]LogPlayLevel: PIE:  Blueprint regeneration took 258 ms (1 blueprints)
[2016.03.04-22.17.47:141][705]LogD3D11RHI: InitD3DDevice
[2016.03.04-22.17.48:307][705]BlueprintLog: Info Blueprint NewMap failed to compile
[2016.03.04-22.17.48:308][705]PIE: New page: PIE session: NewMap (Mar 4, 2016, 10:17:48 AM)
[2016.03.04-22.17.48:309][705]LogPlayLevel: Creating play world package: /Game/UEDPIE_0_NewMap
[2016.03.04-22.17.48:576][705]LogPlayLevel: PIE: StaticDuplicateObject took: (0.266440s)
[2016.03.04-22.17.48:577][705]LogAIModule: Creating AISystem for world NewMap
[2016.03.04-22.17.48:577][705]LogPlayLevel: PIE: World Init took: (0.001850s)
[2016.03.04-22.17.48:578][705]LogPlayLevel: PIE: Created PIE world by copying editor world from /Game/NewMap.NewMap to /Game/UEDPIE_0_NewMap.NewMap (0.268579s)
[2016.03.04-22.17.48:633][705]LogInit: XAudio2 using 'Headphones (SHARKK  SP-SK869TW Stereo)' : 2 channels at 44.1 kHz using 16 bits per sample (channel mask 0x3)
[2016.03.04-22.17.48:639][705]LogInit: FAudioDevice initialized.
[2016.03.04-22.17.48:692][705]LogWorld: Game class is 'VehicleAdvGameMode_C'
[2016.03.04-22.17.48:727][705]LogWorld: Bringing World /Game/UEDPIE_0_NewMap.NewMap up for play (max tick rate 0) at 2016.03.04-16.17.48
[2016.03.04-22.17.48:727][705]LogActor:Warning: GameSession /Game/UEDPIE_0_NewMap.NewMap:PersistentLevel.GameSession_1 has natively added scene component(s), but none of them were set as the actor's RootComponent - picking one arbitrarily
[2016.03.04-22.17.48:727][705]LogActor:Warning: GameNetworkManager /Game/UEDPIE_0_NewMap.NewMap:PersistentLevel.GameNetworkManager_1 has natively added scene component(s), but none of them were set as the actor's RootComponent - picking one arbitrarily
[2016.03.04-22.17.48:729][705]LogWorld: Bringing up level for play took: 0.030600
[2016.03.04-22.17.48:731][705]PIE: Info Play in editor start time for /Game/UEDPIE_0_NewMap 2.733
[2016.03.04-22.17.53:623][990]LogParticles: Destroying 0 GPU particle simulations for FXSystem 0x0000000120B33060
[2016.03.04-22.18.06:252][884]BlueprintLog: New page: Pre-PIE auto-recompile
[2016.03.04-22.18.06:261][884]LogPlayLevel: [PIE] Compiling NewMap before PIE...
[2016.03.04-22.18.06:314][884]LogBlueprint:Error: [compiler NewMap] Error This blueprint (self) is not a PlayerController, therefore ' Target ' must have a connection.
[2016.03.04-22.18.06:314][884]LogBlueprint:Error: [compiler NewMap] Error This blueprint (self) is not a Controller, therefore ' Target ' must have a connection.
[2016.03.04-22.18.06:440][884]LogBlueprint:Warning: [compiler NewMap] Warning [0501.77] Compile of NewMap failed. 2 Fatal Issue(s) 0 Warning(s) [in 165 ms]
[2016.03.04-22.18.06:441][884]LogBlueprint:Warning: [compiler NewMap] Warning [0501.77] Compile of NewMap failed. 2 Fatal Issue(s) 1 Warning(s) [in 0 ms]
[2016.03.04-22.18.06:441][884]LogBlueprint:Warning: [compiler NewMap] Warning [0501.77] Compile of NewMap failed. 2 Fatal Issue(s) 2 Warning(s) [in 0 ms]
[2016.03.04-22.18.06:441][884]LogBlueprint:Warning: [compiler NewMap] Warning [0501.77] Compile of NewMap failed. 2 Fatal Issue(s) 3 Warning(s) [in 0 ms]
[2016.03.04-22.18.06:450][884]LogBlueprint:Warning: [compiler NewMap] Warning [0501.78] Compile of NewMap failed. 2 Fatal Issue(s) 4 Warning(s) [in 8 ms]
[2016.03.04-22.18.06:450][884]LogBlueprint:Warning: [compiler NewMap] Warning [0501.78] Compile of NewMap failed. 2 Fatal Issue(s) 5 Warning(s) [in 0 ms]
[2016.03.04-22.18.06:519][884]LogPlayLevel: PIE:  Blueprint regeneration took 267 ms (1 blueprints)
[2016.03.04-22.18.06:532][884]LogD3D11RHI: InitD3DDevice
[2016.03.04-22.18.11:861][884]BlueprintLog: Info Blueprint NewMap failed to compile
[2016.03.04-22.18.11:861][884]PIE: New page: PIE session: NewMap (Mar 4, 2016, 10:18:11 AM)
[2016.03.04-22.18.11:864][884]LogPlayLevel: Creating play world package: /Game/UEDPIE_0_NewMap
[2016.03.04-22.18.12:135][884]LogPlayLevel: PIE: StaticDuplicateObject took: (0.271404s)
[2016.03.04-22.18.12:136][884]LogAIModule: Creating AISystem for world NewMap
[2016.03.04-22.18.12:137][884]LogPlayLevel: PIE: World Init took: (0.001427s)
[2016.03.04-22.18.12:137][884]LogPlayLevel: PIE: Created PIE world by copying editor world from /Game/NewMap.NewMap to /Game/UEDPIE_0_NewMap.NewMap (0.273048s)
[2016.03.04-22.18.12:193][884]LogInit: XAudio2 using 'Headphones (SHARKK  SP-SK869TW Stereo)' : 2 channels at 44.1 kHz using 16 bits per sample (channel mask 0x3)
[2016.03.04-22.18.12:200][884]LogInit: FAudioDevice initialized.
[2016.03.04-22.18.12:234][884]LogWorld: Game class is 'VehicleAdvGameMode_C'
[2016.03.04-22.18.12:269][884]LogWorld: Bringing World /Game/UEDPIE_0_NewMap.NewMap up for play (max tick rate 0) at 2016.03.04-16.18.12
[2016.03.04-22.18.12:269][884]LogActor:Warning: GameSession /Game/UEDPIE_0_NewMap.NewMap:PersistentLevel.GameSession_2 has natively added scene component(s), but none of them were set as the actor's RootComponent - picking one arbitrarily
[2016.03.04-22.18.12:269][884]LogActor:Warning: GameNetworkManager /Game/UEDPIE_0_NewMap.NewMap:PersistentLevel.GameNetworkManager_2 has natively added scene component(s), but none of them were set as the actor's RootComponent - picking one arbitrarily
[2016.03.04-22.18.12:271][884]LogWorld: Bringing up level for play took: 0.030598
[2016.03.04-22.18.12:272][884]PIE: Info Play in editor start time for /Game/UEDPIE_0_NewMap 6.275
[2016.03.04-22.18.14:730][ 28]LogParticles: Destroying 0 GPU particle simulations for FXSystem 0x0000000177A85D00
[2016.03.04-22.18.17:860][252]MapCheck: New page: Map Check
[2016.03.04-22.18.17:873][252]LogD3D11RHI: InitD3DDevice
[2016.03.04-22.18.17:879][252]Cmd: MAP REBUILD ALLVISIBLE
[2016.03.04-22.18.17:880][252]LogEditorServer: Rebuildmap Clear paths rebuilt
[2016.03.04-22.18.18:028][252]LightingResults: New page: Lighting Build - Mar 4, 2016, 10:18:18 AM
[2016.03.04-22.18.21:051][252]LogStaticLightingSystem: Running Lightmass w/ ImmediateImport mode ENABLED
[2016.03.04-22.18.21:051][252]LogStaticLightingSystem: Running Lightmass w/ ImmediateProcess mode ENABLED
[2016.03.04-22.18.21:051][252]LogStaticLightingSystem: Running Lightmass w/ Sorting mode ENABLED
[2016.03.04-22.18.21:051][252]LogStaticLightingSystem: Running Lightmass w/ Mapping paddings ENABLED
[2016.03.04-22.18.21:051][252]LogStaticLightingSystem: Running Lightmass w/ Mapping debug paddings DISABLED
[2016.03.04-22.18.21:289][252]LogD3D11RHI: InitD3DDevice
[2016.03.04-22.18.21:310][252]LogEditorBuildUtils: Build time 0:00:03
[2016.03.04-22.18.21:321][252]LogD3D11RHI: InitD3DDevice
[2016.03.04-22.18.21:352][253]Cmd: UpdateLandscapeEditorData
[2016.03.04-22.18.52:886][172]LogD3D11RHI: InitD3DDevice
[2016.03.04-22.18.53:078][172]Job has failed! Job is closed while Tasks are still PENDING
[2016.03.04-22.18.54:343][255]LogD3D11RHI: InitD3DDevice
[2016.03.04-22.18.54:370][255]Cmd: OBJ SAVEPACKAGE PACKAGE="/Game/NewMap" FILE="../../../../../../Users/gebha/Documents/GitHub/179-Midterm/Midterm/Content/NewMap.umap" SILENT=true AUTOSAVING=false KEEPDIRTY=false
[2016.03.04-22.18.54:509][255]LogBlueprint:Error: [compiler NewMap] Error This blueprint (self) is not a PlayerController, therefore ' Target ' must have a connection.
[2016.03.04-22.18.54:509][255]LogBlueprint:Error: [compiler NewMap] Error This blueprint (self) is not a Controller, therefore ' Target ' must have a connection.
[2016.03.04-22.18.54:636][255]LogBlueprint:Warning: [compiler NewMap] Warning [0549.96] Compile of NewMap failed. 2 Fatal Issue(s) 0 Warning(s) [in 168 ms]
[2016.03.04-22.18.54:636][255]LogBlueprint:Warning: [compiler NewMap] Warning [0549.96] Compile of NewMap failed. 2 Fatal Issue(s) 1 Warning(s) [in 0 ms]
[2016.03.04-22.18.54:636][255]LogBlueprint:Warning: [compiler NewMap] Warning [0549.96] Compile of NewMap failed. 2 Fatal Issue(s) 2 Warning(s) [in 0 ms]
[2016.03.04-22.18.54:636][255]LogBlueprint:Warning: [compiler NewMap] Warning [0549.96] Compile of NewMap failed. 2 Fatal Issue(s) 3 Warning(s) [in 0 ms]
[2016.03.04-22.18.54:646][255]LogBlueprint:Warning: [compiler NewMap] Warning [0549.97] Compile of NewMap failed. 2 Fatal Issue(s) 4 Warning(s) [in 9 ms]
[2016.03.04-22.18.54:646][255]LogBlueprint:Warning: [compiler NewMap] Warning [0549.97] Compile of NewMap failed. 2 Fatal Issue(s) 5 Warning(s) [in 0 ms]
[2016.03.04-22.18.55:940][255]LogSavePackage: Save=1486.258301ms
[2016.03.04-22.18.55:940][255]LogSavePackage: Moving '../../../../../../Users/gebha/Documents/GitHub/179-Midterm/Midterm/Saved/NewMap94479D9D4CEBE2C5FDB174962F68BDF9.tmp' to '../../../../../../Users/gebha/Documents/GitHub/179-Midterm/Midterm/Content/NewMap.umap'
[2016.03.04-22.18.57:423][341]LogWindowsTextInputMethodSystem:Display: IME system now deactivated.
[2016.03.04-22.18.57:671][342]Cmd: QUIT_EDITOR
[2016.03.04-22.18.57:911][342]LogExit: Preparing to exit.
[2016.03.04-22.18.58:931][342]LogExit: Editor shut down
[2016.03.04-22.18.58:932][342]LogExit: Transaction tracking system shut down
[2016.03.04-22.18.58:934][342]LogParticles: Destroying 0 GPU particle simulations for FXSystem 0x000000011D1DD4E0
[2016.03.04-22.18.58:936][342]LogParticles: Destroying 0 GPU particle simulations for FXSystem 0x000000012C3BCF40
[2016.03.04-22.18.58:936][342]LogParticles: Destroying 0 GPU particle simulations for FXSystem 0x000000012FA14FE0
[2016.03.04-22.18.58:937][342]LogParticles: Destroying 0 GPU particle simulations for FXSystem 0x000000010DB0FEC0
[2016.03.04-22.18.58:937][342]LogParticles: Destroying 0 GPU particle simulations for FXSystem 0x000000010DB0E3E0
[2016.03.04-22.18.58:937][342]LogParticles: Destroying 0 GPU particle simulations for FXSystem 0x000000017A54BC40
[2016.03.04-22.18.58:937][342]LogParticles: Destroying 0 GPU particle simulations for FXSystem 0x0000000178902DE0
[2016.03.04-22.18.58:940][342]LogParticles: Destroying 0 GPU particle simulations for FXSystem 0x0000000139592D40
[2016.03.04-22.18.58:940][342]LogParticles: Destroying 0 GPU particle simulations for FXSystem 0x0000000139590540
[2016.03.04-22.18.58:948][342]LogParticles: Destroying 0 GPU particle simulations for FXSystem 0x0000000178B77EC0
[2016.03.04-22.18.58:948][342]LogParticles: Destroying 0 GPU particle simulations for FXSystem 0x00000001423887C0
[2016.03.04-22.18.59:142][342]LogExit: Object subsystem successfully closed.
[2016.03.04-22.18.59:166][342]LogD3D11RHI: Shutdown
[2016.03.04-22.18.59:166][342]LogD3D11RHI: CleanupD3DDevice
[2016.03.04-22.18.59:263][342]LogD3D11RHI: ~FD3D11DynamicRHI
[2016.03.04-22.18.59:283][342]LogModuleManager: Shutting down and abandoning module PhAT (189)
[2016.03.04-22.18.59:283][342]LogModuleManager: Shutting down and abandoning module CrashTracker (188)
[2016.03.04-22.18.59:283][342]LogModuleManager: Shutting down and abandoning module SceneOutliner (187)
[2016.03.04-22.18.59:283][342]LogModuleManager: Shutting down and abandoning module SuperSearch (186)
[2016.03.04-22.18.59:283][342]LogModuleManager: Shutting down and abandoning module WidgetCarousel (185)
[2016.03.04-22.18.59:283][342]LogModuleManager: Shutting down and abandoning module AddContentDialog (184)
[2016.03.04-22.18.59:284][342]LogModuleManager: Shutting down and abandoning module EditorWidgets (183)
[2016.03.04-22.18.59:284][342]LogModuleManager: Shutting down and abandoning module CollectionManager (182)
[2016.03.04-22.18.59:284][342]LogModuleManager: Shutting down and abandoning module StatsViewer (181)
[2016.03.04-22.18.59:284][342]LogModuleManager: Shutting down and abandoning module FoliageEdit (180)
[2016.03.04-22.18.59:284][342]LogModuleManager: Shutting down and abandoning module LandscapeEditor (179)
[2016.03.04-22.18.59:284][342]LogModuleManager: Shutting down and abandoning module ActorPickerMode (178)
[2016.03.04-22.18.59:284][342]LogModuleManager: Shutting down and abandoning module GeometryMode (177)
[2016.03.04-22.18.59:284][342]LogModuleManager: Shutting down and abandoning module TextureAlignMode (176)
[2016.03.04-22.18.59:284][342]LogModuleManager: Shutting down and abandoning module BspMode (175)
[2016.03.04-22.18.59:284][342]LogModuleManager: Shutting down and abandoning module PlacementMode (174)
[2016.03.04-22.18.59:284][342]LogModuleManager: Shutting down and abandoning module AutomationWorker (173)
[2016.03.04-22.18.59:284][342]LogModuleManager: Shutting down and abandoning module CharacterAI (172)
[2016.03.04-22.18.59:284][342]LogModuleManager: Shutting down and abandoning module SmartSnapping (171)
[2016.03.04-22.18.59:284][342]LogModuleManager: Shutting down and abandoning module ViewportSnapping (170)
[2016.03.04-22.18.59:284][342]LogModuleManager: Shutting down and abandoning module LogVisualizer (169)
[2016.03.04-22.18.59:284][342]LogModuleManager: Shutting down and abandoning module GameProjectGeneration (168)
[2016.03.04-22.18.59:284][342]LogModuleManager: Shutting down and abandoning module IntroTutorials (167)
[2016.03.04-22.18.59:284][342]LogModuleManager: Shutting down and abandoning module EditorLiveStreaming (166)
[2016.03.04-22.18.59:284][342]LogModuleManager: Shutting down and abandoning module IOSPlatformEditor (165)
[2016.03.04-22.18.59:284][342]LogModuleManager: Shutting down and abandoning module HTML5PlatformEditor (164)
[2016.03.04-22.18.59:284][342]LogModuleManager: Shutting down and abandoning module AndroidDeviceDetection (163)
[2016.03.04-22.19.00:022][342]LogModuleManager: Shutting down and abandoning module AndroidPlatformEditor (162)
[2016.03.04-22.19.00:022][342]LogModuleManager: Shutting down and abandoning module IOSRuntimeSettings (161)
[2016.03.04-22.19.00:022][342]LogModuleManager: Shutting down and abandoning module AndroidRuntimeSettings (160)
[2016.03.04-22.19.00:022][342]LogModuleManager: Shutting down and abandoning module MergeActors (159)
[2016.03.04-22.19.00:022][342]LogModuleManager: Shutting down and abandoning module SizeMap (158)
[2016.03.04-22.19.00:022][342]LogModuleManager: Shutting down and abandoning module TreeMap (157)
[2016.03.04-22.19.00:022][342]LogModuleManager: Shutting down and abandoning module ReferenceViewer (156)
[2016.03.04-22.19.00:022][342]LogModuleManager: Shutting down and abandoning module LocalizationDashboard (155)
[2016.03.04-22.19.00:022][342]LogModuleManager: Shutting down and abandoning module HardwareTargeting (154)
[2016.03.04-22.19.00:022][342]LogModuleManager: Shutting down and abandoning module DeviceProfileEditor (153)
[2016.03.04-22.19.00:022][342]LogModuleManager: Shutting down and abandoning module UndoHistory (152)
[2016.03.04-22.19.00:022][342]LogModuleManager: Shutting down and abandoning module GameplayTagsEditor (151)
[2016.03.04-22.19.00:022][342]LogModuleManager: Shutting down and abandoning module UserFeedback (150)
[2016.03.04-22.19.00:022][342]LogModuleManager: Shutting down and abandoning module XmlParser (149)
[2016.03.04-22.19.00:022][342]LogModuleManager: Shutting down and abandoning module Blutility (148)
[2016.03.04-22.19.00:022][342]LogModuleManager: Shutting down and abandoning module ProjectTargetPlatformEditor (147)
[2016.03.04-22.19.00:022][342]LogModuleManager: Shutting down and abandoning module ProjectSettingsViewer (146)
[2016.03.04-22.19.00:022][342]LogModuleManager: Shutting down and abandoning module InputBindingEditor (145)
[2016.03.04-22.19.00:022][342]LogModuleManager: Shutting down and abandoning module EditorSettingsViewer (144)
[2016.03.04-22.19.00:022][342]LogModuleManager: Shutting down and abandoning module SettingsEditor (143)
[2016.03.04-22.19.00:022][342]LogModuleManager: Shutting down and abandoning module ProjectLauncher (142)
[2016.03.04-22.19.00:022][342]LogModuleManager: Shutting down and abandoning module SessionFrontend (141)
[2016.03.04-22.19.00:022][342]LogModuleManager: Shutting down and abandoning module ProfilerClient (140)
[2016.03.04-22.19.00:022][342]LogModuleManager: Shutting down and abandoning module TargetDeviceServices (139)
[2016.03.04-22.19.00:022][342]LogModuleManager: Shutting down and abandoning module DeviceManager (138)
[2016.03.04-22.19.00:022][342]LogModuleManager: Shutting down and abandoning module AutomationController (137)
[2016.03.04-22.19.00:022][342]LogModuleManager: Shutting down and abandoning module AutomationWindow (136)
[2016.03.04-22.19.00:022][342]LogModuleManager: Shutting down and abandoning module Layers (135)
[2016.03.04-22.19.00:023][342]LogModuleManager: Shutting down and abandoning module ComponentVisualizers (134)
[2016.03.04-22.19.00:023][342]LogModuleManager: Shutting down and abandoning module DetailCustomizations (133)
[2016.03.04-22.19.00:023][342]LogModuleManager: Shutting down and abandoning module PackagesDialog (132)
[2016.03.04-22.19.00:023][342]LogModuleManager: Shutting down and abandoning module AssetRegistry (131)
[2016.03.04-22.19.00:143][342]LogModuleManager: Shutting down and abandoning module Persona (130)
[2016.03.04-22.19.00:143][342]LogModuleManager: Shutting down and abandoning module Kismet (129)
[2016.03.04-22.19.00:143][342]LogModuleManager: Shutting down and abandoning module GraphEditor (128)
[2016.03.04-22.19.00:143][342]LogModuleManager: Shutting down and abandoning module ClassViewer (127)
[2016.03.04-22.19.00:143][342]LogModuleManager: Shutting down and abandoning module Toolbox (126)
[2016.03.04-22.19.00:143][342]LogModuleManager: Shutting down and abandoning module ModuleUI (125)
[2016.03.04-22.19.00:143][342]LogModuleManager: Shutting down and abandoning module MovieSceneTools (124)
[2016.03.04-22.19.00:143][342]LogModuleManager: Shutting down and abandoning module OutputLog (123)
[2016.03.04-22.19.00:143][342]LogModuleManager: Shutting down and abandoning module GammaUI (122)
[2016.03.04-22.19.00:143][342]LogModuleManager: Shutting down and abandoning module Documentation (121)
[2016.03.04-22.19.00:143][342]LogModuleManager: Shutting down and abandoning module GameLiveStreaming (120)
[2016.03.04-22.19.00:143][342]LogModuleManager: Shutting down and abandoning module StreamingPauseRendering (119)
[2016.03.04-22.19.00:143][342]LogModuleManager: Shutting down and abandoning module AnalyticsET (118)
[2016.03.04-22.19.00:143][342]LogModuleManager: Shutting down and abandoning module Analytics (117)
[2016.03.04-22.19.00:143][342]LogModuleManager: Shutting down and abandoning module AITestSuite (116)
[2016.03.04-22.19.00:143][342]LogModuleManager: Shutting down and abandoning module GameplayDebugger (115)
[2016.03.04-22.19.00:143][342]LogModuleManager: Shutting down and abandoning module AIModule (114)
[2016.03.04-22.19.00:143][342]LogModuleManager: Shutting down and abandoning module ProfilerService (113)
[2016.03.04-22.19.00:206][342]LogModuleManager: Shutting down and abandoning module TaskGraph (112)
[2016.03.04-22.19.00:206][342]LogModuleManager: Shutting down and abandoning module SlateRemote (111)
[2016.03.04-22.19.00:206][342]LogModuleManager: Shutting down and abandoning module SteamVRController (110)
[2016.03.04-22.19.00:206][342]LogModuleManager: Shutting down and abandoning module SteamVR (109)
[2016.03.04-22.19.00:206][342]LogModuleManager: Shutting down and abandoning module ProceduralMeshComponent (108)
[2016.03.04-22.19.00:206][342]LogModuleManager: Shutting down and abandoning module OculusRift (107)
[2016.03.04-22.19.00:206][342]LogModuleManager: Shutting down and abandoning module LeapMotionController (106)
[2016.03.04-22.19.00:227][342]LogModuleManager: Shutting down and abandoning module CustomMeshComponent (105)
[2016.03.04-22.19.00:227][342]LogModuleManager: Shutting down and abandoning module CableComponent (104)
[2016.03.04-22.19.00:227][342]LogModuleManager: Shutting down and abandoning module MessagingDebugger (103)
[2016.03.04-22.19.00:227][342]LogModuleManager: Shutting down and abandoning module MediaPlayerEditor (102)
[2016.03.04-22.19.00:227][342]LogModuleManager: Shutting down and abandoning module SpeedTreeImporter (101)
[2016.03.04-22.19.00:227][342]LogModuleManager: Shutting down and abandoning module PluginBrowser (100)
[2016.03.04-22.19.00:227][342]LogModuleManager: Shutting down and abandoning module EpicSurvey (99)
[2016.03.04-22.19.00:227][342]LogModuleManager: Shutting down and abandoning module DesktopPlatform (98)
[2016.03.04-22.19.00:227][342]LogModuleManager: Shutting down and abandoning module VisualStudioSourceCodeAccess (97)
[2016.03.04-22.19.00:227][342]LogModuleManager: Shutting down and abandoning module UObjectPlugin (96)
[2016.03.04-22.19.00:227][342]LogModuleManager: Shutting down and abandoning module SubversionSourceControl (95)
[2016.03.04-22.19.00:227][342]LogModuleManager: Shutting down and abandoning module PerforceSourceControl (94)
[2016.03.04-22.19.00:228][342]LogModuleManager: Shutting down and abandoning module SourceControl (93)
[2016.03.04-22.19.00:228][342]LogModuleManager: Shutting down and abandoning module GitSourceControl (92)
[2016.03.04-22.19.00:228][342]LogModuleManager: Shutting down and abandoning module BlankPlugin (91)
[2016.03.04-22.19.00:228][342]LogModuleManager: Shutting down and abandoning module PaperTiledImporter (90)
[2016.03.04-22.19.00:228][342]LogModuleManager: Shutting down and abandoning module PaperSpriteSheetImporter (89)
[2016.03.04-22.19.00:228][342]LogModuleManager: Shutting down and abandoning module MeshPaint (88)
[2016.03.04-22.19.00:228][342]LogModuleManager: Shutting down and abandoning module SlateReflector (87)
[2016.03.04-22.19.00:228][342]LogModuleManager: Shutting down and abandoning module DirectoryWatcher (86)
[2016.03.04-22.19.00:228][342]LogModuleManager: Shutting down and abandoning module HotReload (85)
[2016.03.04-22.19.00:228][342]LogModuleManager: Shutting down and abandoning module MainFrame (84)
[2016.03.04-22.19.00:228][342]LogModuleManager: Shutting down and abandoning module LevelEditor (83)
[2016.03.04-22.19.00:229][342]LogModuleManager: Shutting down and abandoning module ContentBrowser (82)
[2016.03.04-22.19.00:230][342]LogModuleManager: Shutting down and abandoning module Paper2DEditor (81)
[2016.03.04-22.19.00:230][342]LogModuleManager: Shutting down and abandoning module UdpMessaging (80)
[2016.03.04-22.19.00:331][342]LogModuleManager: Shutting down and abandoning module Paper2D (79)
[2016.03.04-22.19.00:331][342]LogModuleManager: Shutting down and abandoning module WindowsMoviePlayer (78)
[2016.03.04-22.19.00:334][342]LogModuleManager: Shutting down and abandoning module Media (77)
[2016.03.04-22.19.00:334][342]LogModuleManager: Shutting down and abandoning module WmfMedia (76)
[2016.03.04-22.19.00:334][342]LogModuleManager: Shutting down and abandoning module OnlineBlueprintSupport (75)
[2016.03.04-22.19.00:334][342]LogModuleManager: Shutting down and abandoning module PropertyEditor (74)
[2016.03.04-22.19.00:334][342]LogModuleManager: Shutting down and abandoning module BehaviorTreeEditor (73)
[2016.03.04-22.19.00:334][342]LogModuleManager: Shutting down and abandoning module FunctionalTesting (72)
[2016.03.04-22.19.00:335][342]LogModuleManager: Shutting down and abandoning module CollisionAnalyzer (71)
[2016.03.04-22.19.00:335][342]LogModuleManager: Shutting down and abandoning module WorkspaceMenuStructure (70)
[2016.03.04-22.19.00:335][342]LogModuleManager: Shutting down and abandoning module MessageLog (69)
[2016.03.04-22.19.00:335][342]LogModuleManager: Shutting down and abandoning module Sequencer (68)
[2016.03.04-22.19.00:335][342]LogModuleManager: Shutting down and abandoning module AssetTools (67)
[2016.03.04-22.19.00:335][342]LogModuleManager: Shutting down and abandoning module UMGEditor (66)
[2016.03.04-22.19.00:335][342]LogModuleManager: Shutting down and abandoning module UMG (65)
[2016.03.04-22.19.00:335][342]LogModuleManager: Shutting down and abandoning module Slate (64)
[2016.03.04-22.19.00:335][342]LogModuleManager: Shutting down and abandoning module EditorStyle (63)
[2016.03.04-22.19.00:337][342]LogModuleManager: Shutting down and abandoning module SessionServices (62)
[2016.03.04-22.19.00:337][342]LogModuleManager: Shutting down and abandoning module SourceCodeAccess (61)
[2016.03.04-22.19.00:337][342]LogModuleManager: Shutting down and abandoning module HeadMountedDisplay (60)
[2016.03.04-22.19.00:337][342]LogModuleManager: Shutting down and abandoning module XAudio2 (59)
[2016.03.04-22.19.00:337][342]LogModuleManager: Shutting down and abandoning module Networking (57)
[2016.03.04-22.19.00:337][342]LogModuleManager: Shutting down and abandoning module Core (56)
[2016.03.04-22.19.00:337][342]LogModuleManager: Shutting down and abandoning module KismetCompiler (55)
[2016.03.04-22.19.00:337][342]LogModuleManager: Shutting down and abandoning module PhysXFormats (54)
[2016.03.04-22.19.00:337][342]LogModuleManager: Shutting down and abandoning module MeshUtilities (53)
[2016.03.04-22.19.00:337][342]LogModuleManager: Shutting down and abandoning module DerivedDataCache (52)
[2016.03.04-22.19.00:422][342]LogDerivedDataCache: Shutdown
[2016.03.04-22.19.00:422][342]LogModuleManager: Shutting down and abandoning module ShaderFormatOpenGL (51)
[2016.03.04-22.19.00:422][342]LogModuleManager: Shutting down and abandoning module ShaderFormatD3D (50)
[2016.03.04-22.19.00:422][342]LogModuleManager: Shutting down and abandoning module MetalShaderFormat (49)
[2016.03.04-22.19.00:422][342]LogModuleManager: Shutting down and abandoning module TextureFormatUncompressed (48)
[2016.03.04-22.19.00:422][342]LogModuleManager: Shutting down and abandoning module TextureFormatPVR (47)
[2016.03.04-22.19.00:422][342]LogModuleManager: Shutting down and abandoning module TextureFormatIntelISPCTexComp (46)
[2016.03.04-22.19.00:422][342]LogModuleManager: Shutting down and abandoning module TextureFormatDXT (45)
[2016.03.04-22.19.00:422][342]LogModuleManager: Shutting down and abandoning module ImageWrapper (44)
[2016.03.04-22.19.00:422][342]LogModuleManager: Shutting down and abandoning module TextureFormatASTC (43)
[2016.03.04-22.19.00:422][342]LogModuleManager: Shutting down and abandoning module TextureFormatAndroid (42)
[2016.03.04-22.19.00:422][342]LogModuleManager: Shutting down and abandoning module AudioFormatOpus (41)
[2016.03.04-22.19.00:422][342]LogModuleManager: Shutting down and abandoning module AudioFormatOgg (40)
[2016.03.04-22.19.00:422][342]LogModuleManager: Shutting down and abandoning module AudioFormatADPCM (39)
[2016.03.04-22.19.00:422][342]LogModuleManager: Shutting down and abandoning module LinuxTargetPlatform (38)
[2016.03.04-22.19.00:422][342]LogModuleManager: Shutting down and abandoning module LinuxServerTargetPlatform (37)
[2016.03.04-22.19.00:422][342]LogModuleManager: Shutting down and abandoning module LinuxNoEditorTargetPlatform (36)
[2016.03.04-22.19.00:422][342]LogModuleManager: Shutting down and abandoning module Messaging (35)
[2016.03.04-22.19.00:422][342]LogModuleManager: Shutting down and abandoning module IOSTargetPlatform (34)
[2016.03.04-22.19.00:422][342]LogModuleManager: Shutting down and abandoning module HTML5TargetPlatform (33)
[2016.03.04-22.19.00:422][342]LogModuleManager: Shutting down and abandoning module Android_PVRTCTargetPlatform (32)
[2016.03.04-22.19.00:422][342]LogModuleManager: Shutting down and abandoning module Android_ETC2TargetPlatform (31)
[2016.03.04-22.19.00:422][342]LogModuleManager: Shutting down and abandoning module Android_ETC1TargetPlatform (30)
[2016.03.04-22.19.00:422][342]LogModuleManager: Shutting down and abandoning module Android_DXTTargetPlatform (29)
[2016.03.04-22.19.00:422][342]LogModuleManager: Shutting down and abandoning module Android_ATCTargetPlatform (28)
[2016.03.04-22.19.00:422][342]LogModuleManager: Shutting down and abandoning module Android_ASTCTargetPlatform (27)
[2016.03.04-22.19.00:422][342]LogModuleManager: Shutting down and abandoning module AndroidTargetPlatform (26)
[2016.03.04-22.19.00:422][342]LogModuleManager: Shutting down and abandoning module WindowsTargetPlatform (25)
[2016.03.04-22.19.00:422][342]LogModuleManager: Shutting down and abandoning module WindowsServerTargetPlatform (24)
[2016.03.04-22.19.00:422][342]LogModuleManager: Shutting down and abandoning module WindowsNoEditorTargetPlatform (23)
[2016.03.04-22.19.00:422][342]LogModuleManager: Shutting down and abandoning module WindowsClientTargetPlatform (22)
[2016.03.04-22.19.00:422][342]LogModuleManager: Shutting down and abandoning module DesktopTargetPlatform (21)
[2016.03.04-22.19.00:422][342]LogModuleManager: Shutting down and abandoning module TargetPlatform (20)
[2016.03.04-22.19.00:422][342]LogModuleManager: Shutting down and abandoning module InputCore (19)
[2016.03.04-22.19.00:422][342]LogModuleManager: Shutting down and abandoning module Settings (18)
[2016.03.04-22.19.00:422][342]LogModuleManager: Shutting down and abandoning module OnlineSubsystem (16)
[2016.03.04-22.19.00:422][342]LogModuleManager: Shutting down and abandoning module HTTP (15)
[2016.03.04-22.19.00:423][342]LogModuleManager: Shutting down and abandoning module ExampleDeviceProfileSelector (14)
[2016.03.04-22.19.00:423][342]LogModuleManager: Shutting down and abandoning module TextureCompressor (13)
[2016.03.04-22.19.00:423][342]LogModuleManager: Shutting down and abandoning module ShaderCore (12)
[2016.03.04-22.19.00:423][342]LogModuleManager: Shutting down and abandoning module Landscape (11)
[2016.03.04-22.19.00:423][342]LogModuleManager: Shutting down and abandoning module SlateRHIRenderer (10)
[2016.03.04-22.19.00:426][342]LogModuleManager: Shutting down and abandoning module OpenGLDrv (9)
[2016.03.04-22.19.00:426][342]LogModuleManager: Shutting down and abandoning module D3D11RHI (8)
[2016.03.04-22.19.00:426][342]LogModuleManager: Shutting down and abandoning module Renderer (7)
[2016.03.04-22.19.00:426][342]LogModuleManager: Shutting down and abandoning module Engine (6)
[2016.03.04-22.19.00:426][342]LogModuleManager: Shutting down and abandoning module CoreUObject (5)
[2016.03.04-22.19.00:426][342]LogModuleManager: Shutting down and abandoning module NetworkFile (4)
[2016.03.04-22.19.00:426][342]LogModuleManager: Shutting down and abandoning module StreamingFile (3)
[2016.03.04-22.19.00:426][342]LogModuleManager: Shutting down and abandoning module SandboxFile (2)
[2016.03.04-22.19.00:426][342]LogModuleManager: Shutting down and abandoning module PakFile (1)
[2016.03.04-22.19.00:427][342]LogExit: Exiting.
[2016.03.04-22.19.00:462][342]Log file closed, 03/04/16 16:19:00
